2021-08-23 12:33:14,216 | examples.nmt.train | get_logger | INFO | Started log logs/examples.nmt.train
2021-08-23 12:41:38,236 | examples.nmt.train | get_logger | INFO | Started log logs/examples.nmt.train
2021-08-23 12:41:38,979 | examples.nmt.train | preprocess_data | INFO | Vocabulary size (English): 200
2021-08-23 12:41:38,980 | examples.nmt.train | preprocess_data | INFO | Vocabulary size (French): 321
2021-08-23 12:41:38,981 | examples.nmt.train | preprocess_data | DEBUG | En text shape: (10000, 20)
2021-08-23 12:41:38,981 | examples.nmt.train | preprocess_data | DEBUG | Fr text shape: (10000, 20)
2021-08-23 12:42:02,724 | examples.nmt.train | train | INFO | Loss in epoch 1: 3.1757061374493136
2021-08-23 12:42:20,191 | examples.nmt.train | train | INFO | Loss in epoch 2: 1.8799540729094775
2021-08-23 12:42:37,832 | examples.nmt.train | train | INFO | Loss in epoch 3: 1.243636313921366
2021-08-23 12:42:37,872 | examples.nmt.train | <module> | INFO | Translating: his most loved animal is this rabbit .

2021-08-23 12:42:39,035 | examples.nmt.train | <module> | INFO | 	French: la fraise est le plus aimé mais le pamplemousse est le plus aimé eos 
2021-08-23 12:43:33,892 | examples.nmt.train | get_logger | INFO | Started log logs/examples.nmt.train
2021-08-23 12:43:39,565 | examples.nmt.train | preprocess_data | INFO | Vocabulary size (English): 201
2021-08-23 12:43:39,567 | examples.nmt.train | preprocess_data | INFO | Vocabulary size (French): 345
2021-08-23 12:43:39,568 | examples.nmt.train | preprocess_data | DEBUG | En text shape: (100000, 20)
2021-08-23 12:43:39,568 | examples.nmt.train | preprocess_data | DEBUG | Fr text shape: (100000, 20)
2021-08-23 12:46:37,656 | examples.nmt.train | train | INFO | Loss in epoch 1: 1.1288140885312488
2021-08-23 12:49:28,907 | examples.nmt.train | train | INFO | Loss in epoch 2: 0.16608539212223206
2021-08-23 12:52:20,171 | examples.nmt.train | train | INFO | Loss in epoch 3: 0.053695911363902456
2021-08-23 12:55:11,119 | examples.nmt.train | train | INFO | Loss in epoch 4: 0.035161272701348216
2021-08-23 12:58:02,362 | examples.nmt.train | train | INFO | Loss in epoch 5: 0.027143521748349622
2021-08-23 13:00:53,488 | examples.nmt.train | train | INFO | Loss in epoch 6: 0.0223756147680921
2021-08-23 13:03:44,388 | examples.nmt.train | train | INFO | Loss in epoch 7: 0.01913552966729646
2021-08-23 13:06:35,658 | examples.nmt.train | train | INFO | Loss in epoch 8: 0.016317640454180434
2021-08-23 13:09:26,725 | examples.nmt.train | train | INFO | Loss in epoch 9: 0.014091281719665578
2021-08-23 13:12:17,934 | examples.nmt.train | train | INFO | Loss in epoch 10: 0.012100705510856782
2021-08-23 13:12:17,975 | examples.nmt.train | <module> | INFO | Translating: the united states is sometimes chilly during december , but it is sometimes freezing in june .

2021-08-23 13:12:19,385 | examples.nmt.train | <module> | INFO | 	French: les états unis est parfois frisquet en décembre mais il est parfois le gel en juin eos 
2021-08-23 18:15:35,921 | examples.nmt.train | get_logger | INFO | Started log logs/examples.nmt.train
2021-08-23 18:16:55,730 | examples.nmt.train | get_logger | INFO | Started log logs/examples.nmt.train
2021-08-23 23:19:50,218 | examples.nmt.train | get_logger | INFO | Started log logs/examples.nmt.train
2021-08-23 23:34:24,500 | examples.nmt.train | get_logger | INFO | Started log logs/examples.nmt.train
2021-08-23 23:36:29,594 | examples.nmt.train | get_logger | INFO | Started log logs/examples.nmt.train
2021-08-23 23:38:23,757 | examples.nmt.train | <module> | INFO | Translating: the united states is mild during summer , and it is freezing in march .

2021-08-23 23:38:24,505 | examples.nmt.train | <module> | INFO | 	French: les états unis est doux pendant l' été et il gèle en été eos 
2021-08-23 23:38:40,827 | examples.nmt.train | <module> | INFO | Translating: india is sometimes rainy during winter , but it is usually mild in december .

2021-08-23 23:38:41,625 | examples.nmt.train | <module> | INFO | 	French: inde est parfois pluvieux pendant l' hiver mais il est généralement doux en décembre eos 
2021-08-23 23:42:34,760 | examples.nmt.train | get_logger | INFO | Started log logs/examples.nmt.train
2021-08-23 23:42:40,644 | examples.nmt.train | preprocess_data | INFO | Vocabulary size (English): 201
2021-08-23 23:42:40,646 | examples.nmt.train | preprocess_data | INFO | Vocabulary size (French): 345
2021-08-23 23:42:40,647 | examples.nmt.train | preprocess_data | DEBUG | En text shape: (100000, 20)
2021-08-23 23:42:40,647 | examples.nmt.train | preprocess_data | DEBUG | Fr text shape: (100000, 20)
2021-08-23 23:45:39,005 | examples.nmt.train | train | INFO | Loss in epoch 1: 1.1395435710455484
2021-08-23 23:48:30,709 | examples.nmt.train | train | INFO | Loss in epoch 2: 0.22985722619691976
2021-08-23 23:51:22,316 | examples.nmt.train | train | INFO | Loss in epoch 3: 0.06262517034311071
2021-08-23 23:54:14,087 | examples.nmt.train | train | INFO | Loss in epoch 4: 0.04090020183960355
2021-08-23 23:57:05,849 | examples.nmt.train | train | INFO | Loss in epoch 5: 0.03075365837372448
2021-08-23 23:59:57,734 | examples.nmt.train | train | INFO | Loss in epoch 6: 0.02418204461297118
2021-08-24 00:02:49,540 | examples.nmt.train | train | INFO | Loss in epoch 7: 0.019573750315715826
2021-08-24 00:05:41,004 | examples.nmt.train | train | INFO | Loss in epoch 8: 0.016477560549652475
2021-08-24 00:08:32,736 | examples.nmt.train | train | INFO | Loss in epoch 9: 0.01404063637182355
2021-08-24 00:11:24,180 | examples.nmt.train | train | INFO | Loss in epoch 10: 0.012105592433631506
2021-08-24 00:26:55,395 | examples.nmt.train | get_logger | INFO | Started log logs/examples.nmt.train
2021-08-24 00:27:01,206 | examples.nmt.train | preprocess_data | INFO | Vocabulary size (English): 201
2021-08-24 00:27:01,208 | examples.nmt.train | preprocess_data | INFO | Vocabulary size (French): 345
2021-08-24 00:27:01,209 | examples.nmt.train | preprocess_data | DEBUG | En text shape: (100000, 20)
2021-08-24 00:27:01,209 | examples.nmt.train | preprocess_data | DEBUG | Fr text shape: (100000, 20)
2021-08-24 00:29:58,436 | examples.nmt.train | train | INFO | Loss in epoch 1: 1.066084914386425
2021-08-24 00:32:48,936 | examples.nmt.train | train | INFO | Loss in epoch 2: 0.09806231110954178
2021-08-24 00:35:39,635 | examples.nmt.train | train | INFO | Loss in epoch 3: 0.048461814290544594
2021-08-24 00:38:30,419 | examples.nmt.train | train | INFO | Loss in epoch 4: 0.03268215319537647
2021-08-24 00:41:21,170 | examples.nmt.train | train | INFO | Loss in epoch 5: 0.02493855033771024
2021-08-24 00:44:11,787 | examples.nmt.train | train | INFO | Loss in epoch 6: 0.02025751924474942
2021-08-24 00:47:02,262 | examples.nmt.train | train | INFO | Loss in epoch 7: 0.016707432868612617
2021-08-24 00:49:52,830 | examples.nmt.train | train | INFO | Loss in epoch 8: 0.013918775346347162
2021-08-24 00:52:43,335 | examples.nmt.train | train | INFO | Loss in epoch 9: 0.01186647714743517
2021-08-24 00:55:34,033 | examples.nmt.train | train | INFO | Loss in epoch 10: 0.010216332494910859
2021-08-24 00:55:34,247 | examples.nmt.train | <module> | INFO | Translating: my most loved fruit is the lime , but his most loved is the mango .

2021-08-24 00:55:35,566 | examples.nmt.train | <module> | INFO | 	French: la mangue est jamais mon fruit aimé mais la chaux est son plus aimé eos 
2021-08-24 18:10:39,878 | examples.nmt.train | get_logger | INFO | Started log logs/examples.nmt.train
2021-08-24 18:11:01,184 | examples.nmt.train | get_logger | INFO | Started log logs/examples.nmt.train
2021-08-24 18:11:21,793 | examples.nmt.train | get_logger | INFO | Started log logs/examples.nmt.train
2021-08-24 18:11:42,199 | examples.nmt.train | get_logger | INFO | Started log logs/examples.nmt.train
